<?xml version="1.0" encoding="UTF-8"?><testsuite errors="1" failures="0" name="org.icrc.hrspace.TIMEOFF.EmployeeTimeOffAfghanistanSpecialLeave" skipped="0" tests="1" time="966.75" timestamp="2024-05-16 12:01:54"><testcase classname="org.icrc.hrspace.TIMEOFF.EmployeeTimeOffAfghanistanSpecialLeave" name="Check if recurring absence cannot be ticked in special leave birth of child"><error message="Expected condition failed: waiting for element to be clickable: By.xpath: //li[@role = 'option' and .//*[contains(translate(text(), 'ABCDEFGHIJKLMNOPQRSTUVWXYZ', 'abcdefghijklmnopqrstuvwxyz'), 'special leave - birth of child')]] (tried for 60 second(s) with 100 milliseconds interval)" type="org.openqa.selenium.TimeoutException">Expected condition failed: waiting for element to be clickable: By.xpath: //li[@role = 'option' and .//*[contains(translate(text(), 'ABCDEFGHIJKLMNOPQRSTUVWXYZ', 'abcdefghijklmnopqrstuvwxyz'), 'special leave - birth of child')]] (tried for 60 second(s) with 100 milliseconds interval)</error><system-err>Expected condition failed: waiting for element to be clickable: By.xpath: //li[@role = 'option' and .//*[contains(translate(text(), 'ABCDEFGHIJKLMNOPQRSTUVWXYZ', 'abcdefghijklmnopqrstuvwxyz'), 'special leave - birth of child')]] (tried for 60 second(s) with 100 milliseconds interval)&#13;
utils.ExplicitWait.explicitlyWaitForElementToBeClickable(ExplicitWait.java:107)&#13;
pages.GenericPage.selectFromDropdown(GenericPage.java:106)&#13;
pages.TimeOffPage.selectFromDropdown(TimeOffPage.java:44)&#13;
steps.TimeOffSteps.when_I_set_the_Time_Type(TimeOffSteps.java:54)&#13;
steps.TIMEOFF.TimeOffManagementSteps.when_the_employee_checks_if_recurring_absence_cannot_be_ticked(TimeOffManagementSteps.java:1481)&#13;
org.icrc.hrspace.TIMEOFF.EmployeeTimeOffAfghanistanSpecialLeave.checkIfRecurringAbsenceCannotBeTickedInSpecialLeaveBirthOfChild(EmployeeTimeOffAfghanistanSpecialLeave.java:129)&#13;
</system-err></testcase></testsuite>